2023.09.05, 15:18:59.0614 UTC -> Unhandled rejection
[object Promise]
TypeError: Cannot read properties of undefined (reading 'count')
2023.09.05, 15:18:59.0614 UTC -> Unhandled rejection
[object Promise]
TypeError: Cannot read properties of undefined (reading 'count')
2023.09.05, 15:18:59.0614 UTC -> Unhandled rejection at: [object Promise]
Reason: TypeError: Cannot read properties of undefined (reading 'count')
2023.09.05, 15:18:59.0614 UTC -> Unhandled rejection at: [object Promise]
Reason: TypeError: Cannot read properties of undefined (reading 'count')
2023.09.05, 15:18:59.0614 UTC -> Unhandled rejection at: [object Promise]
Reason: TypeError: Cannot read properties of undefined (reading 'count')
2023.09.05, 15:18:59.0614 UTC -> Unhandled rejection
[object Promise]
TypeError: Cannot read properties of undefined (reading 'count')
2023.09.05, 15:19:13.0081 UTC -> Unhandled rejection
[object Promise]
TypeError: Cannot read properties of undefined (reading 'count')
2023.09.05, 15:19:13.0081 UTC -> Unhandled rejection at: [object Promise]
Reason: TypeError: Cannot read properties of undefined (reading 'count')
2023.09.05, 15:19:13.0081 UTC -> Unhandled rejection at: [object Promise]
Reason: TypeError: Cannot read properties of undefined (reading 'count')
2023.09.05, 15:19:13.0081 UTC -> Unhandled rejection
[object Promise]
TypeError: Cannot read properties of undefined (reading 'count')
2023.09.05, 15:19:13.0081 UTC -> Unhandled rejection
[object Promise]
TypeError: Cannot read properties of undefined (reading 'count')
2023.09.05, 15:19:13.0081 UTC -> Unhandled rejection at: [object Promise]
Reason: TypeError: Cannot read properties of undefined (reading 'count')
2023.09.05, 15:19:35.0280 UTC -> Unhandled rejection
[object Promise]
TypeError: Cannot read properties of undefined (reading 'count')
2023.09.05, 15:19:35.0281 UTC -> Unhandled rejection at: [object Promise]
Reason: TypeError: Cannot read properties of undefined (reading 'count')
2023.09.05, 15:19:35.0281 UTC -> Unhandled rejection
[object Promise]
TypeError: Cannot read properties of undefined (reading 'count')
2023.09.05, 15:19:35.0281 UTC -> Unhandled rejection
[object Promise]
TypeError: Cannot read properties of undefined (reading 'count')
2023.09.05, 15:19:35.0281 UTC -> Unhandled rejection at: [object Promise]
Reason: TypeError: Cannot read properties of undefined (reading 'count')
2023.09.05, 15:19:35.0281 UTC -> Unhandled rejection at: [object Promise]
Reason: TypeError: Cannot read properties of undefined (reading 'count')
2023.09.05, 15:19:51.0816 UTC -> Unhandled rejection
[object Promise]
TypeError: Cannot read properties of undefined (reading 'count')
2023.09.05, 15:19:51.0816 UTC -> Unhandled rejection at: [object Promise]
Reason: TypeError: Cannot read properties of undefined (reading 'count')
2023.09.05, 15:19:51.0816 UTC -> Unhandled rejection
[object Promise]
TypeError: Cannot read properties of undefined (reading 'count')
2023.09.05, 15:19:51.0816 UTC -> Unhandled rejection at: [object Promise]
Reason: TypeError: Cannot read properties of undefined (reading 'count')
2023.09.05, 15:19:51.0816 UTC -> Unhandled rejection
[object Promise]
TypeError: Cannot read properties of undefined (reading 'count')
2023.09.05, 15:19:51.0816 UTC -> Unhandled rejection at: [object Promise]
Reason: TypeError: Cannot read properties of undefined (reading 'count')
2023.09.05, 15:20:10.0312 UTC -> Unhandled rejection
[object Promise]
TypeError: Cannot read properties of undefined (reading 'count')
2023.09.05, 15:20:10.0313 UTC -> Unhandled rejection at: [object Promise]
Reason: TypeError: Cannot read properties of undefined (reading 'count')
2023.09.05, 15:20:10.0313 UTC -> Unhandled rejection at: [object Promise]
Reason: TypeError: Cannot read properties of undefined (reading 'count')
2023.09.05, 15:20:10.0313 UTC -> Unhandled rejection
[object Promise]
TypeError: Cannot read properties of undefined (reading 'count')
2023.09.05, 15:20:10.0313 UTC -> Unhandled rejection at: [object Promise]
Reason: TypeError: Cannot read properties of undefined (reading 'count')
2023.09.05, 15:20:10.0313 UTC -> Unhandled rejection
[object Promise]
TypeError: Cannot read properties of undefined (reading 'count')
2023.09.05, 15:20:30.0424 UTC -> Unhandled rejection
[object Promise]
TypeError: Cannot read properties of undefined (reading 'count')
2023.09.05, 15:20:30.0424 UTC -> Unhandled rejection at: [object Promise]
Reason: TypeError: Cannot read properties of undefined (reading 'count')
2023.09.05, 15:20:30.0425 UTC -> Unhandled rejection
[object Promise]
TypeError: Cannot read properties of undefined (reading 'count')
2023.09.05, 15:20:30.0425 UTC -> Unhandled rejection at: [object Promise]
Reason: TypeError: Cannot read properties of undefined (reading 'count')
2023.09.05, 15:20:30.0425 UTC -> Unhandled rejection at: [object Promise]
Reason: TypeError: Cannot read properties of undefined (reading 'count')
2023.09.05, 15:20:30.0425 UTC -> Unhandled rejection
[object Promise]
TypeError: Cannot read properties of undefined (reading 'count')
2023.09.05, 15:20:51.0802 UTC -> Unhandled rejection
[object Promise]
TypeError: Cannot read properties of undefined (reading 'count')
2023.09.05, 15:20:51.0802 UTC -> Unhandled rejection
[object Promise]
TypeError: Cannot read properties of undefined (reading 'count')
2023.09.05, 15:20:51.0802 UTC -> Unhandled rejection at: [object Promise]
Reason: TypeError: Cannot read properties of undefined (reading 'count')
2023.09.05, 15:20:51.0802 UTC -> Unhandled rejection at: [object Promise]
Reason: TypeError: Cannot read properties of undefined (reading 'count')
2023.09.05, 15:20:51.0802 UTC -> Unhandled rejection
[object Promise]
TypeError: Cannot read properties of undefined (reading 'count')
2023.09.05, 15:20:51.0802 UTC -> Unhandled rejection at: [object Promise]
Reason: TypeError: Cannot read properties of undefined (reading 'count')
2023.09.05, 15:38:23.0047 UTC -> Unhandled rejection
[object Promise]
TypeError: Cannot read properties of undefined (reading 'count')
2023.09.05, 15:38:23.0048 UTC -> Unhandled rejection at: [object Promise]
Reason: TypeError: Cannot read properties of undefined (reading 'count')
2023.09.05, 15:38:23.0048 UTC -> Unhandled rejection at: [object Promise]
Reason: TypeError: Cannot read properties of undefined (reading 'count')
2023.09.05, 15:38:23.0048 UTC -> Unhandled rejection
[object Promise]
TypeError: Cannot read properties of undefined (reading 'count')
2023.09.05, 15:38:23.0048 UTC -> Unhandled rejection
[object Promise]
TypeError: Cannot read properties of undefined (reading 'count')
2023.09.05, 15:38:23.0048 UTC -> Unhandled rejection at: [object Promise]
Reason: TypeError: Cannot read properties of undefined (reading 'count')
2023.09.05, 15:42:07.0084 UTC -> Unhandled rejection
[object Promise]
TypeError: Cannot read properties of undefined (reading 'count')
2023.09.05, 15:42:07.0084 UTC -> Unhandled rejection
[object Promise]
TypeError: Cannot read properties of undefined (reading 'count')
2023.09.05, 15:42:07.0084 UTC -> Unhandled rejection at: [object Promise]
Reason: TypeError: Cannot read properties of undefined (reading 'count')
2023.09.05, 15:42:07.0084 UTC -> Unhandled rejection at: [object Promise]
Reason: TypeError: Cannot read properties of undefined (reading 'count')
2023.09.05, 15:42:07.0084 UTC -> Unhandled rejection
[object Promise]
TypeError: Cannot read properties of undefined (reading 'count')
2023.09.05, 15:42:07.0084 UTC -> Unhandled rejection at: [object Promise]
Reason: TypeError: Cannot read properties of undefined (reading 'count')
2023.09.05, 15:42:19.0515 UTC -> Unhandled rejection
[object Promise]
TypeError: Cannot read properties of undefined (reading 'count')
2023.09.05, 15:42:19.0515 UTC -> Unhandled rejection
[object Promise]
TypeError: Cannot read properties of undefined (reading 'count')
2023.09.05, 15:42:19.0515 UTC -> Unhandled rejection at: [object Promise]
Reason: TypeError: Cannot read properties of undefined (reading 'count')
2023.09.05, 15:42:19.0515 UTC -> Unhandled rejection at: [object Promise]
Reason: TypeError: Cannot read properties of undefined (reading 'count')
2023.09.05, 15:42:19.0515 UTC -> Unhandled rejection
[object Promise]
TypeError: Cannot read properties of undefined (reading 'count')
2023.09.05, 15:42:19.0515 UTC -> Unhandled rejection at: [object Promise]
Reason: TypeError: Cannot read properties of undefined (reading 'count')
2023.09.05, 15:46:02.0990 UTC -> [MONITOR] Caught exception: Error: Cannot find module 'cookie-session'
Require stack:
- E:\Elysian\new web\test-2\index.js
Exception origin: uncaughtException
2023.09.05, 15:46:02.0992 UTC -> Caught exception: Error: Cannot find module 'cookie-session'
Require stack:
- E:\Elysian\new web\test-2\index.js
Exception origin: uncaughtException
2023.09.05, 15:46:04.0191 UTC -> Unhandled rejection
[object Promise]
TypeError: Cannot read properties of undefined (reading 'count')
2023.09.05, 15:46:04.0191 UTC -> Unhandled rejection at: [object Promise]
Reason: TypeError: Cannot read properties of undefined (reading 'count')
2023.09.05, 15:46:04.0192 UTC -> Unhandled rejection
[object Promise]
TypeError: Cannot read properties of undefined (reading 'count')
2023.09.05, 15:46:04.0192 UTC -> Unhandled rejection at: [object Promise]
Reason: TypeError: Cannot read properties of undefined (reading 'count')
2023.09.05, 15:46:04.0191 UTC -> Unhandled rejection
[object Promise]
TypeError: Cannot read properties of undefined (reading 'count')
2023.09.05, 15:46:04.0192 UTC -> Unhandled rejection at: [object Promise]
Reason: TypeError: Cannot read properties of undefined (reading 'count')
2023.09.05, 15:46:34.0713 UTC -> [MONITOR] Caught exception: Error: Cannot find module 'cookie-session'
Require stack:
- E:\Elysian\new web\test-2\index.js
Exception origin: uncaughtException
2023.09.05, 15:46:34.0714 UTC -> Caught exception: Error: Cannot find module 'cookie-session'
Require stack:
- E:\Elysian\new web\test-2\index.js
Exception origin: uncaughtException
2023.09.05, 15:46:35.0823 UTC -> Unhandled rejection
[object Promise]
TypeError: Cannot read properties of undefined (reading 'count')
2023.09.05, 15:46:35.0823 UTC -> Unhandled rejection at: [object Promise]
Reason: TypeError: Cannot read properties of undefined (reading 'count')
2023.09.05, 15:46:35.0824 UTC -> Unhandled rejection
[object Promise]
TypeError: Cannot read properties of undefined (reading 'count')
2023.09.05, 15:46:35.0823 UTC -> Unhandled rejection
[object Promise]
TypeError: Cannot read properties of undefined (reading 'count')
2023.09.05, 15:46:35.0824 UTC -> Unhandled rejection at: [object Promise]
Reason: TypeError: Cannot read properties of undefined (reading 'count')
2023.09.05, 15:46:35.0824 UTC -> Unhandled rejection at: [object Promise]
Reason: TypeError: Cannot read properties of undefined (reading 'count')
2023.09.05, 15:47:32.0033 UTC -> [MONITOR] Caught exception: Error: Cannot find module 'cookie-session'
Require stack:
- E:\Elysian\new web\test-2\index.js
Exception origin: uncaughtException
2023.09.05, 15:47:32.0034 UTC -> Caught exception: Error: Cannot find module 'cookie-session'
Require stack:
- E:\Elysian\new web\test-2\index.js
Exception origin: uncaughtException
2023.09.05, 15:47:34.0950 UTC -> [MONITOR] Caught exception: Error: Cannot find module 'cookie-session'
Require stack:
- E:\Elysian\new web\test-2\index.js
Exception origin: uncaughtException
2023.09.05, 15:47:34.0951 UTC -> Caught exception: Error: Cannot find module 'cookie-session'
Require stack:
- E:\Elysian\new web\test-2\index.js
Exception origin: uncaughtException
2023.09.05, 15:47:36.0019 UTC -> Unhandled rejection
[object Promise]
TypeError: Cannot read properties of undefined (reading 'count')
2023.09.05, 15:47:36.0020 UTC -> Unhandled rejection
[object Promise]
TypeError: Cannot read properties of undefined (reading 'count')
2023.09.05, 15:47:36.0020 UTC -> Unhandled rejection at: [object Promise]
Reason: TypeError: Cannot read properties of undefined (reading 'count')
2023.09.05, 15:47:36.0020 UTC -> Unhandled rejection at: [object Promise]
Reason: TypeError: Cannot read properties of undefined (reading 'count')
2023.09.05, 15:47:36.0020 UTC -> Unhandled rejection
[object Promise]
TypeError: Cannot read properties of undefined (reading 'count')
2023.09.05, 15:47:36.0020 UTC -> Unhandled rejection at: [object Promise]
Reason: TypeError: Cannot read properties of undefined (reading 'count')
2023.09.05, 15:48:36.0769 UTC -> [MONITOR] Caught exception: Error: Cannot find module 'cookie-session'
Require stack:
- E:\Elysian\new web\test-2\index.js
Exception origin: uncaughtException
2023.09.05, 15:48:36.0770 UTC -> Caught exception: Error: Cannot find module 'cookie-session'
Require stack:
- E:\Elysian\new web\test-2\index.js
Exception origin: uncaughtException
2023.09.05, 15:48:37.0870 UTC -> Unhandled rejection at: [object Promise]
Reason: TypeError: Cannot read properties of undefined (reading 'count')
2023.09.05, 15:48:37.0870 UTC -> Unhandled rejection
[object Promise]
TypeError: Cannot read properties of undefined (reading 'count')
2023.09.05, 15:48:37.0870 UTC -> Unhandled rejection at: [object Promise]
Reason: TypeError: Cannot read properties of undefined (reading 'count')
2023.09.05, 15:48:37.0869 UTC -> Unhandled rejection
[object Promise]
TypeError: Cannot read properties of undefined (reading 'count')
2023.09.05, 15:48:37.0870 UTC -> Unhandled rejection
[object Promise]
TypeError: Cannot read properties of undefined (reading 'count')
2023.09.05, 15:48:37.0870 UTC -> Unhandled rejection at: [object Promise]
Reason: TypeError: Cannot read properties of undefined (reading 'count')
2023.09.05, 16:53:29.0179 UTC -> [MONITOR] Caught exception: ReferenceError: userRoutes is not defined
Exception origin: uncaughtException
2023.09.05, 16:53:29.0181 UTC -> Caught exception: ReferenceError: userRoutes is not defined
Exception origin: uncaughtException
2023.09.05, 16:53:30.0935 UTC -> Unhandled rejection
[object Promise]
TypeError: Cannot read properties of undefined (reading 'count')
2023.09.05, 16:53:30.0935 UTC -> Unhandled rejection at: [object Promise]
Reason: TypeError: Cannot read properties of undefined (reading 'count')
2023.09.05, 16:53:30.0935 UTC -> Unhandled rejection
[object Promise]
TypeError: Cannot read properties of undefined (reading 'count')
2023.09.05, 16:53:30.0935 UTC -> Unhandled rejection at: [object Promise]
Reason: TypeError: Cannot read properties of undefined (reading 'count')
2023.09.05, 16:53:30.0935 UTC -> Unhandled rejection at: [object Promise]
Reason: TypeError: Cannot read properties of undefined (reading 'count')
2023.09.05, 16:53:30.0935 UTC -> Unhandled rejection
[object Promise]
TypeError: Cannot read properties of undefined (reading 'count')
2023.09.05, 16:54:59.0417 UTC -> [MONITOR] Caught exception: Error: listen EADDRINUSE: address already in use :::5000
Exception origin: uncaughtException
2023.09.05, 16:54:59.0418 UTC -> Caught exception: Error: listen EADDRINUSE: address already in use :::5000
Exception origin: uncaughtException
2023.09.05, 16:55:00.0542 UTC -> Unhandled rejection
[object Promise]
TypeError: Cannot read properties of undefined (reading 'count')
2023.09.05, 16:55:00.0543 UTC -> Unhandled rejection at: [object Promise]
Reason: TypeError: Cannot read properties of undefined (reading 'count')
2023.09.05, 16:55:00.0543 UTC -> Unhandled rejection
[object Promise]
TypeError: Cannot read properties of undefined (reading 'count')
2023.09.05, 16:55:00.0543 UTC -> Unhandled rejection at: [object Promise]
Reason: TypeError: Cannot read properties of undefined (reading 'count')
2023.09.05, 16:55:00.0543 UTC -> Unhandled rejection
[object Promise]
TypeError: Cannot read properties of undefined (reading 'count')
2023.09.05, 16:55:00.0543 UTC -> Unhandled rejection at: [object Promise]
Reason: TypeError: Cannot read properties of undefined (reading 'count')
2023.09.05, 16:55:40.0984 UTC -> [MONITOR] Caught exception: Error: listen EADDRINUSE: address already in use :::5000
Exception origin: uncaughtException
2023.09.05, 16:55:40.0985 UTC -> Caught exception: Error: listen EADDRINUSE: address already in use :::5000
Exception origin: uncaughtException
2023.09.05, 16:55:42.0125 UTC -> Unhandled rejection
[object Promise]
TypeError: Cannot read properties of undefined (reading 'count')
2023.09.05, 16:55:42.0126 UTC -> Unhandled rejection at: [object Promise]
Reason: TypeError: Cannot read properties of undefined (reading 'count')
2023.09.05, 16:55:42.0126 UTC -> Unhandled rejection
[object Promise]
TypeError: Cannot read properties of undefined (reading 'count')
2023.09.05, 16:55:42.0126 UTC -> Unhandled rejection
[object Promise]
TypeError: Cannot read properties of undefined (reading 'count')
2023.09.05, 16:55:42.0126 UTC -> Unhandled rejection at: [object Promise]
Reason: TypeError: Cannot read properties of undefined (reading 'count')
2023.09.05, 16:55:42.0126 UTC -> Unhandled rejection at: [object Promise]
Reason: TypeError: Cannot read properties of undefined (reading 'count')
2023.09.05, 16:55:53.0725 UTC -> [MONITOR] Caught exception: Error: listen EADDRINUSE: address already in use :::5000
Exception origin: uncaughtException
2023.09.05, 16:55:53.0727 UTC -> Caught exception: Error: listen EADDRINUSE: address already in use :::5000
Exception origin: uncaughtException
2023.09.05, 16:55:54.0724 UTC -> Unhandled rejection
[object Promise]
TypeError: Cannot read properties of undefined (reading 'count')
2023.09.05, 16:55:54.0724 UTC -> Unhandled rejection at: [object Promise]
Reason: TypeError: Cannot read properties of undefined (reading 'count')
2023.09.05, 16:55:54.0724 UTC -> Unhandled rejection
[object Promise]
TypeError: Cannot read properties of undefined (reading 'count')
2023.09.05, 16:55:54.0725 UTC -> Unhandled rejection at: [object Promise]
Reason: TypeError: Cannot read properties of undefined (reading 'count')
2023.09.05, 16:55:54.0725 UTC -> Unhandled rejection at: [object Promise]
Reason: TypeError: Cannot read properties of undefined (reading 'count')
2023.09.05, 16:55:54.0725 UTC -> Unhandled rejection
[object Promise]
TypeError: Cannot read properties of undefined (reading 'count')
2023.09.05, 16:56:17.0357 UTC -> [MONITOR] Caught exception: Error: listen EADDRINUSE: address already in use :::5000
Exception origin: uncaughtException
2023.09.05, 16:56:17.0358 UTC -> Caught exception: Error: listen EADDRINUSE: address already in use :::5000
Exception origin: uncaughtException
2023.09.05, 16:56:18.0389 UTC -> Unhandled rejection
[object Promise]
TypeError: Cannot read properties of undefined (reading 'count')
2023.09.05, 16:56:18.0389 UTC -> Unhandled rejection at: [object Promise]
Reason: TypeError: Cannot read properties of undefined (reading 'count')
2023.09.05, 16:56:18.0389 UTC -> Unhandled rejection at: [object Promise]
Reason: TypeError: Cannot read properties of undefined (reading 'count')
2023.09.05, 16:56:18.0389 UTC -> Unhandled rejection
[object Promise]
TypeError: Cannot read properties of undefined (reading 'count')
2023.09.05, 16:56:18.0389 UTC -> Unhandled rejection
[object Promise]
TypeError: Cannot read properties of undefined (reading 'count')
2023.09.05, 16:56:18.0390 UTC -> Unhandled rejection at: [object Promise]
Reason: TypeError: Cannot read properties of undefined (reading 'count')
2023.09.05, 16:56:30.0061 UTC -> [MONITOR] Caught exception: Error: listen EADDRINUSE: address already in use :::5000
Exception origin: uncaughtException
2023.09.05, 16:56:30.0061 UTC -> Caught exception: Error: listen EADDRINUSE: address already in use :::5000
Exception origin: uncaughtException
2023.09.05, 16:56:31.0368 UTC -> Unhandled rejection
[object Promise]
TypeError: Cannot read properties of undefined (reading 'count')
2023.09.05, 16:56:31.0368 UTC -> Unhandled rejection at: [object Promise]
Reason: TypeError: Cannot read properties of undefined (reading 'count')
2023.09.05, 16:56:31.0368 UTC -> Unhandled rejection at: [object Promise]
Reason: TypeError: Cannot read properties of undefined (reading 'count')
2023.09.05, 16:56:31.0368 UTC -> Unhandled rejection
[object Promise]
TypeError: Cannot read properties of undefined (reading 'count')
2023.09.05, 16:56:31.0368 UTC -> Unhandled rejection
[object Promise]
TypeError: Cannot read properties of undefined (reading 'count')
2023.09.05, 16:56:31.0368 UTC -> Unhandled rejection at: [object Promise]
Reason: TypeError: Cannot read properties of undefined (reading 'count')
2023.09.05, 16:56:39.0391 UTC -> [MONITOR] Caught exception: Error: listen EADDRINUSE: address already in use :::5000
Exception origin: uncaughtException
2023.09.05, 16:56:39.0392 UTC -> Caught exception: Error: listen EADDRINUSE: address already in use :::5000
Exception origin: uncaughtException
2023.09.05, 16:56:40.0439 UTC -> Unhandled rejection
[object Promise]
TypeError: Cannot read properties of undefined (reading 'count')
2023.09.05, 16:56:40.0439 UTC -> Unhandled rejection
[object Promise]
TypeError: Cannot read properties of undefined (reading 'count')
2023.09.05, 16:56:40.0439 UTC -> Unhandled rejection at: [object Promise]
Reason: TypeError: Cannot read properties of undefined (reading 'count')
2023.09.05, 16:56:40.0439 UTC -> Unhandled rejection at: [object Promise]
Reason: TypeError: Cannot read properties of undefined (reading 'count')
2023.09.05, 16:56:40.0439 UTC -> Unhandled rejection
[object Promise]
TypeError: Cannot read properties of undefined (reading 'count')
2023.09.05, 16:56:40.0439 UTC -> Unhandled rejection at: [object Promise]
Reason: TypeError: Cannot read properties of undefined (reading 'count')
2023.09.05, 16:57:15.0512 UTC -> [MONITOR] Caught exception: Error: listen EADDRINUSE: address already in use :::5000
Exception origin: uncaughtException
2023.09.05, 16:57:15.0513 UTC -> Caught exception: Error: listen EADDRINUSE: address already in use :::5000
Exception origin: uncaughtException
2023.09.05, 16:57:16.0453 UTC -> Unhandled rejection
[object Promise]
TypeError: Cannot read properties of undefined (reading 'count')
2023.09.05, 16:57:16.0453 UTC -> Unhandled rejection at: [object Promise]
Reason: TypeError: Cannot read properties of undefined (reading 'count')
2023.09.05, 16:57:16.0453 UTC -> Unhandled rejection
[object Promise]
TypeError: Cannot read properties of undefined (reading 'count')
2023.09.05, 16:57:16.0453 UTC -> Unhandled rejection at: [object Promise]
Reason: TypeError: Cannot read properties of undefined (reading 'count')
2023.09.05, 16:57:16.0454 UTC -> Unhandled rejection at: [object Promise]
Reason: TypeError: Cannot read properties of undefined (reading 'count')
2023.09.05, 16:57:16.0454 UTC -> Unhandled rejection
[object Promise]
TypeError: Cannot read properties of undefined (reading 'count')
2023.09.05, 16:57:46.0101 UTC -> Unhandled rejection
[object Promise]
TypeError: Cannot read properties of undefined (reading 'count')
2023.09.05, 16:57:46.0101 UTC -> Unhandled rejection
[object Promise]
TypeError: Cannot read properties of undefined (reading 'count')
2023.09.05, 16:57:46.0101 UTC -> Unhandled rejection at: [object Promise]
Reason: TypeError: Cannot read properties of undefined (reading 'count')
2023.09.05, 16:57:46.0101 UTC -> Unhandled rejection
[object Promise]
TypeError: Cannot read properties of undefined (reading 'count')
2023.09.05, 16:57:46.0101 UTC -> Unhandled rejection at: [object Promise]
Reason: TypeError: Cannot read properties of undefined (reading 'count')
2023.09.05, 16:57:46.0101 UTC -> Unhandled rejection at: [object Promise]
Reason: TypeError: Cannot read properties of undefined (reading 'count')
2023.09.05, 16:58:27.0524 UTC -> Unhandled rejection
[object Promise]
TypeError: Cannot read properties of undefined (reading 'count')
2023.09.05, 16:58:27.0524 UTC -> Unhandled rejection at: [object Promise]
Reason: TypeError: Cannot read properties of undefined (reading 'count')
2023.09.05, 16:58:27.0524 UTC -> Unhandled rejection at: [object Promise]
Reason: TypeError: Cannot read properties of undefined (reading 'count')
2023.09.05, 16:58:27.0524 UTC -> Unhandled rejection
[object Promise]
TypeError: Cannot read properties of undefined (reading 'count')
2023.09.05, 16:58:27.0524 UTC -> Unhandled rejection at: [object Promise]
Reason: TypeError: Cannot read properties of undefined (reading 'count')
2023.09.05, 16:58:27.0524 UTC -> Unhandled rejection
[object Promise]
TypeError: Cannot read properties of undefined (reading 'count')
2023.09.05, 16:58:50.0495 UTC -> Unhandled rejection
[object Promise]
TypeError: Cannot read properties of undefined (reading 'count')
2023.09.05, 16:58:50.0496 UTC -> Unhandled rejection at: [object Promise]
Reason: TypeError: Cannot read properties of undefined (reading 'count')
2023.09.05, 16:58:50.0496 UTC -> Unhandled rejection
[object Promise]
TypeError: Cannot read properties of undefined (reading 'count')
2023.09.05, 16:58:50.0496 UTC -> Unhandled rejection
[object Promise]
TypeError: Cannot read properties of undefined (reading 'count')
2023.09.05, 16:58:50.0496 UTC -> Unhandled rejection at: [object Promise]
Reason: TypeError: Cannot read properties of undefined (reading 'count')
2023.09.05, 16:58:50.0496 UTC -> Unhandled rejection at: [object Promise]
Reason: TypeError: Cannot read properties of undefined (reading 'count')
2023.09.05, 16:58:54.0235 UTC -> Unhandled rejection
[object Promise]
TypeError: Cannot read properties of undefined (reading 'count')
2023.09.05, 16:58:54.0235 UTC -> Unhandled rejection at: [object Promise]
Reason: TypeError: Cannot read properties of undefined (reading 'count')
2023.09.05, 16:58:54.0235 UTC -> Unhandled rejection at: [object Promise]
Reason: TypeError: Cannot read properties of undefined (reading 'count')
2023.09.05, 16:58:54.0235 UTC -> Unhandled rejection
[object Promise]
TypeError: Cannot read properties of undefined (reading 'count')
2023.09.05, 16:58:54.0235 UTC -> Unhandled rejection at: [object Promise]
Reason: TypeError: Cannot read properties of undefined (reading 'count')
2023.09.05, 16:58:54.0235 UTC -> Unhandled rejection
[object Promise]
TypeError: Cannot read properties of undefined (reading 'count')
2023.09.05, 16:59:08.0823 UTC -> Unhandled rejection
[object Promise]
TypeError: Cannot read properties of undefined (reading 'count')
2023.09.05, 16:59:08.0823 UTC -> Unhandled rejection at: [object Promise]
Reason: TypeError: Cannot read properties of undefined (reading 'count')
2023.09.05, 16:59:08.0823 UTC -> Unhandled rejection
[object Promise]
TypeError: Cannot read properties of undefined (reading 'count')
2023.09.05, 16:59:08.0823 UTC -> Unhandled rejection at: [object Promise]
Reason: TypeError: Cannot read properties of undefined (reading 'count')
2023.09.05, 16:59:08.0823 UTC -> Unhandled rejection
[object Promise]
TypeError: Cannot read properties of undefined (reading 'count')
2023.09.05, 16:59:08.0824 UTC -> Unhandled rejection at: [object Promise]
Reason: TypeError: Cannot read properties of undefined (reading 'count')
2023.09.05, 17:00:04.0836 UTC -> Unhandled rejection at: [object Promise]
Reason: TypeError: Cannot read properties of undefined (reading 'count')
2023.09.05, 17:00:04.0836 UTC -> Unhandled rejection at: [object Promise]
Reason: TypeError: Cannot read properties of undefined (reading 'count')
2023.09.05, 17:00:04.0835 UTC -> Unhandled rejection
[object Promise]
TypeError: Cannot read properties of undefined (reading 'count')
2023.09.05, 17:00:04.0836 UTC -> Unhandled rejection at: [object Promise]
Reason: TypeError: Cannot read properties of undefined (reading 'count')
2023.09.05, 17:00:04.0836 UTC -> Unhandled rejection
[object Promise]
TypeError: Cannot read properties of undefined (reading 'count')
2023.09.05, 17:00:04.0836 UTC -> Unhandled rejection
[object Promise]
TypeError: Cannot read properties of undefined (reading 'count')
2023.09.05, 17:00:22.0965 UTC -> Unhandled rejection
[object Promise]
TypeError: Cannot read properties of undefined (reading 'count')
2023.09.05, 17:00:22.0965 UTC -> Unhandled rejection at: [object Promise]
Reason: TypeError: Cannot read properties of undefined (reading 'count')
2023.09.05, 17:00:22.0965 UTC -> Unhandled rejection
[object Promise]
TypeError: Cannot read properties of undefined (reading 'count')
2023.09.05, 17:00:22.0966 UTC -> Unhandled rejection
[object Promise]
TypeError: Cannot read properties of undefined (reading 'count')
2023.09.05, 17:00:22.0965 UTC -> Unhandled rejection at: [object Promise]
Reason: TypeError: Cannot read properties of undefined (reading 'count')
2023.09.05, 17:00:22.0966 UTC -> Unhandled rejection at: [object Promise]
Reason: TypeError: Cannot read properties of undefined (reading 'count')
2023.09.05, 17:01:26.0800 UTC -> Unhandled rejection
[object Promise]
TypeError: Cannot read properties of undefined (reading 'count')
2023.09.05, 17:01:26.0800 UTC -> Unhandled rejection at: [object Promise]
Reason: TypeError: Cannot read properties of undefined (reading 'count')
2023.09.05, 17:01:26.0800 UTC -> Unhandled rejection at: [object Promise]
Reason: TypeError: Cannot read properties of undefined (reading 'count')
2023.09.05, 17:01:26.0800 UTC -> Unhandled rejection
[object Promise]
TypeError: Cannot read properties of undefined (reading 'count')
2023.09.05, 17:01:26.0800 UTC -> Unhandled rejection
[object Promise]
TypeError: Cannot read properties of undefined (reading 'count')
2023.09.05, 17:01:26.0800 UTC -> Unhandled rejection at: [object Promise]
Reason: TypeError: Cannot read properties of undefined (reading 'count')
2023.09.05, 17:02:02.0804 UTC -> Unhandled rejection
[object Promise]
TypeError: Cannot read properties of undefined (reading 'count')
2023.09.05, 17:02:02.0804 UTC -> Unhandled rejection at: [object Promise]
Reason: TypeError: Cannot read properties of undefined (reading 'count')
2023.09.05, 17:02:02.0804 UTC -> Unhandled rejection
[object Promise]
TypeError: Cannot read properties of undefined (reading 'count')
2023.09.05, 17:02:02.0805 UTC -> Unhandled rejection at: [object Promise]
Reason: TypeError: Cannot read properties of undefined (reading 'count')
2023.09.05, 17:02:02.0805 UTC -> Unhandled rejection at: [object Promise]
Reason: TypeError: Cannot read properties of undefined (reading 'count')
2023.09.05, 17:02:02.0805 UTC -> Unhandled rejection
[object Promise]
TypeError: Cannot read properties of undefined (reading 'count')
2023.09.05, 17:02:43.0494 UTC -> Unhandled rejection
[object Promise]
TypeError: Cannot read properties of undefined (reading 'count')
2023.09.05, 17:02:43.0495 UTC -> Unhandled rejection at: [object Promise]
Reason: TypeError: Cannot read properties of undefined (reading 'count')
2023.09.05, 17:02:43.0495 UTC -> Unhandled rejection
[object Promise]
TypeError: Cannot read properties of undefined (reading 'count')
2023.09.05, 17:02:43.0495 UTC -> Unhandled rejection
[object Promise]
TypeError: Cannot read properties of undefined (reading 'count')
2023.09.05, 17:02:43.0495 UTC -> Unhandled rejection at: [object Promise]
Reason: TypeError: Cannot read properties of undefined (reading 'count')
2023.09.05, 17:02:43.0495 UTC -> Unhandled rejection at: [object Promise]
Reason: TypeError: Cannot read properties of undefined (reading 'count')
2023.09.05, 17:03:01.0492 UTC -> Unhandled rejection
[object Promise]
TypeError: Cannot read properties of undefined (reading 'count')
2023.09.05, 17:03:01.0492 UTC -> Unhandled rejection at: [object Promise]
Reason: TypeError: Cannot read properties of undefined (reading 'count')
2023.09.05, 17:03:01.0492 UTC -> Unhandled rejection
[object Promise]
TypeError: Cannot read properties of undefined (reading 'count')
2023.09.05, 17:03:01.0492 UTC -> Unhandled rejection at: [object Promise]
Reason: TypeError: Cannot read properties of undefined (reading 'count')
2023.09.05, 17:03:01.0492 UTC -> Unhandled rejection
[object Promise]
TypeError: Cannot read properties of undefined (reading 'count')
2023.09.05, 17:03:01.0492 UTC -> Unhandled rejection at: [object Promise]
Reason: TypeError: Cannot read properties of undefined (reading 'count')
2023.09.05, 17:03:12.0465 UTC -> Unhandled rejection
[object Promise]
TypeError: Cannot read properties of undefined (reading 'count')
2023.09.05, 17:03:12.0465 UTC -> Unhandled rejection at: [object Promise]
Reason: TypeError: Cannot read properties of undefined (reading 'count')
2023.09.05, 17:03:12.0466 UTC -> Unhandled rejection at: [object Promise]
Reason: TypeError: Cannot read properties of undefined (reading 'count')
2023.09.05, 17:03:12.0466 UTC -> Unhandled rejection at: [object Promise]
Reason: TypeError: Cannot read properties of undefined (reading 'count')
2023.09.05, 17:03:12.0466 UTC -> Unhandled rejection
[object Promise]
TypeError: Cannot read properties of undefined (reading 'count')
2023.09.05, 17:03:12.0466 UTC -> Unhandled rejection
[object Promise]
TypeError: Cannot read properties of undefined (reading 'count')
2023.09.05, 17:05:20.0474 UTC -> Unhandled rejection
[object Promise]
TypeError: Cannot read properties of undefined (reading 'count')
2023.09.05, 17:05:20.0474 UTC -> Unhandled rejection at: [object Promise]
Reason: TypeError: Cannot read properties of undefined (reading 'count')
2023.09.05, 17:05:20.0474 UTC -> Unhandled rejection at: [object Promise]
Reason: TypeError: Cannot read properties of undefined (reading 'count')
2023.09.05, 17:05:20.0474 UTC -> Unhandled rejection
[object Promise]
TypeError: Cannot read properties of undefined (reading 'count')
2023.09.05, 17:05:20.0474 UTC -> Unhandled rejection at: [object Promise]
Reason: TypeError: Cannot read properties of undefined (reading 'count')
2023.09.05, 17:05:20.0474 UTC -> Unhandled rejection
[object Promise]
TypeError: Cannot read properties of undefined (reading 'count')
2023.09.05, 17:06:31.0837 UTC -> Unhandled rejection
[object Promise]
TypeError: Cannot read properties of undefined (reading 'count')
2023.09.05, 17:06:31.0838 UTC -> Unhandled rejection
[object Promise]
TypeError: Cannot read properties of undefined (reading 'count')
2023.09.05, 17:06:31.0838 UTC -> Unhandled rejection at: [object Promise]
Reason: TypeError: Cannot read properties of undefined (reading 'count')
2023.09.05, 17:06:31.0837 UTC -> Unhandled rejection
[object Promise]
TypeError: Cannot read properties of undefined (reading 'count')
2023.09.05, 17:06:31.0838 UTC -> Unhandled rejection at: [object Promise]
Reason: TypeError: Cannot read properties of undefined (reading 'count')
2023.09.05, 17:06:31.0837 UTC -> Unhandled rejection at: [object Promise]
Reason: TypeError: Cannot read properties of undefined (reading 'count')
2023.09.05, 17:14:17.0036 UTC -> Unhandled rejection
[object Promise]
TypeError: Cannot read properties of undefined (reading 'count')
2023.09.05, 17:14:17.0037 UTC -> Unhandled rejection at: [object Promise]
Reason: TypeError: Cannot read properties of undefined (reading 'count')
2023.09.05, 17:14:17.0037 UTC -> Unhandled rejection
[object Promise]
TypeError: Cannot read properties of undefined (reading 'count')
2023.09.05, 17:14:17.0037 UTC -> Unhandled rejection at: [object Promise]
Reason: TypeError: Cannot read properties of undefined (reading 'count')
2023.09.05, 17:14:17.0037 UTC -> Unhandled rejection
[object Promise]
TypeError: Cannot read properties of undefined (reading 'count')
2023.09.05, 17:14:17.0037 UTC -> Unhandled rejection at: [object Promise]
Reason: TypeError: Cannot read properties of undefined (reading 'count')
2023.09.05, 17:14:32.0545 UTC -> Unhandled rejection
[object Promise]
TypeError: Cannot read properties of undefined (reading 'count')
2023.09.05, 17:14:32.0545 UTC -> Unhandled rejection
[object Promise]
TypeError: Cannot read properties of undefined (reading 'count')
2023.09.05, 17:14:32.0545 UTC -> Unhandled rejection at: [object Promise]
Reason: TypeError: Cannot read properties of undefined (reading 'count')
2023.09.05, 17:14:32.0546 UTC -> Unhandled rejection
[object Promise]
TypeError: Cannot read properties of undefined (reading 'count')
2023.09.05, 17:14:32.0545 UTC -> Unhandled rejection at: [object Promise]
Reason: TypeError: Cannot read properties of undefined (reading 'count')
2023.09.05, 17:14:32.0546 UTC -> Unhandled rejection at: [object Promise]
Reason: TypeError: Cannot read properties of undefined (reading 'count')
2023.09.05, 17:14:59.0729 UTC -> Unhandled rejection at: [object Promise]
Reason: TypeError: Cannot read properties of undefined (reading 'count')
2023.09.05, 17:14:59.0729 UTC -> Unhandled rejection
[object Promise]
TypeError: Cannot read properties of undefined (reading 'count')
2023.09.05, 17:14:59.0729 UTC -> Unhandled rejection
[object Promise]
TypeError: Cannot read properties of undefined (reading 'count')
2023.09.05, 17:14:59.0729 UTC -> Unhandled rejection at: [object Promise]
Reason: TypeError: Cannot read properties of undefined (reading 'count')
2023.09.05, 17:14:59.0729 UTC -> Unhandled rejection at: [object Promise]
Reason: TypeError: Cannot read properties of undefined (reading 'count')
2023.09.05, 17:14:59.0729 UTC -> Unhandled rejection
[object Promise]
TypeError: Cannot read properties of undefined (reading 'count')
2023.09.05, 17:17:34.0801 UTC -> Unhandled rejection
[object Promise]
TypeError: Cannot read properties of undefined (reading 'count')
2023.09.05, 17:17:34.0801 UTC -> Unhandled rejection at: [object Promise]
Reason: TypeError: Cannot read properties of undefined (reading 'count')
2023.09.05, 17:17:34.0802 UTC -> Unhandled rejection at: [object Promise]
Reason: TypeError: Cannot read properties of undefined (reading 'count')
2023.09.05, 17:17:34.0801 UTC -> Unhandled rejection
[object Promise]
TypeError: Cannot read properties of undefined (reading 'count')
2023.09.05, 17:17:34.0802 UTC -> Unhandled rejection at: [object Promise]
Reason: TypeError: Cannot read properties of undefined (reading 'count')
2023.09.05, 17:17:34.0802 UTC -> Unhandled rejection
[object Promise]
TypeError: Cannot read properties of undefined (reading 'count')
2023.09.05, 17:22:12.0757 UTC -> Unhandled rejection
[object Promise]
TypeError: Cannot read properties of undefined (reading 'count')
2023.09.05, 17:22:12.0757 UTC -> Unhandled rejection at: [object Promise]
Reason: TypeError: Cannot read properties of undefined (reading 'count')
2023.09.05, 17:22:12.0757 UTC -> Unhandled rejection at: [object Promise]
Reason: TypeError: Cannot read properties of undefined (reading 'count')
2023.09.05, 17:22:12.0757 UTC -> Unhandled rejection
[object Promise]
TypeError: Cannot read properties of undefined (reading 'count')
2023.09.05, 17:22:12.0757 UTC -> Unhandled rejection
[object Promise]
TypeError: Cannot read properties of undefined (reading 'count')
2023.09.05, 17:22:12.0757 UTC -> Unhandled rejection at: [object Promise]
Reason: TypeError: Cannot read properties of undefined (reading 'count')
2023.09.05, 17:23:38.0995 UTC -> Unhandled rejection
[object Promise]
TypeError: Cannot read properties of undefined (reading 'count')
2023.09.05, 17:23:38.0996 UTC -> Unhandled rejection at: [object Promise]
Reason: TypeError: Cannot read properties of undefined (reading 'count')
2023.09.05, 17:23:38.0996 UTC -> Unhandled rejection at: [object Promise]
Reason: TypeError: Cannot read properties of undefined (reading 'count')
2023.09.05, 17:23:38.0996 UTC -> Unhandled rejection
[object Promise]
TypeError: Cannot read properties of undefined (reading 'count')
2023.09.05, 17:23:38.0996 UTC -> Unhandled rejection
[object Promise]
TypeError: Cannot read properties of undefined (reading 'count')
2023.09.05, 17:23:38.0996 UTC -> Unhandled rejection at: [object Promise]
Reason: TypeError: Cannot read properties of undefined (reading 'count')
2023.09.05, 17:24:53.0971 UTC -> Unhandled rejection
[object Promise]
TypeError: Cannot read properties of undefined (reading 'count')
2023.09.05, 17:24:53.0971 UTC -> Unhandled rejection at: [object Promise]
Reason: TypeError: Cannot read properties of undefined (reading 'count')
2023.09.05, 17:24:53.0971 UTC -> Unhandled rejection
[object Promise]
TypeError: Cannot read properties of undefined (reading 'count')
2023.09.05, 17:24:53.0971 UTC -> Unhandled rejection at: [object Promise]
Reason: TypeError: Cannot read properties of undefined (reading 'count')
2023.09.05, 17:24:53.0971 UTC -> Unhandled rejection at: [object Promise]
Reason: TypeError: Cannot read properties of undefined (reading 'count')
2023.09.05, 17:24:53.0971 UTC -> Unhandled rejection
[object Promise]
TypeError: Cannot read properties of undefined (reading 'count')
2023.09.05, 17:26:14.0105 UTC -> Unhandled rejection
[object Promise]
TypeError: Cannot read properties of undefined (reading 'count')
2023.09.05, 17:26:14.0106 UTC -> Unhandled rejection at: [object Promise]
Reason: TypeError: Cannot read properties of undefined (reading 'count')
2023.09.05, 17:26:14.0106 UTC -> Unhandled rejection
[object Promise]
TypeError: Cannot read properties of undefined (reading 'count')
2023.09.05, 17:26:14.0106 UTC -> Unhandled rejection at: [object Promise]
Reason: TypeError: Cannot read properties of undefined (reading 'count')
2023.09.05, 17:26:14.0106 UTC -> Unhandled rejection
[object Promise]
TypeError: Cannot read properties of undefined (reading 'count')
2023.09.05, 17:26:14.0106 UTC -> Unhandled rejection at: [object Promise]
Reason: TypeError: Cannot read properties of undefined (reading 'count')
2023.09.05, 17:28:12.0378 UTC -> Unhandled rejection
[object Promise]
TypeError: Cannot read properties of undefined (reading 'count')
2023.09.05, 17:28:12.0378 UTC -> Unhandled rejection
[object Promise]
TypeError: Cannot read properties of undefined (reading 'count')
2023.09.05, 17:28:12.0378 UTC -> Unhandled rejection at: [object Promise]
Reason: TypeError: Cannot read properties of undefined (reading 'count')
2023.09.05, 17:28:12.0378 UTC -> Unhandled rejection at: [object Promise]
Reason: TypeError: Cannot read properties of undefined (reading 'count')
2023.09.05, 17:28:12.0378 UTC -> Unhandled rejection at: [object Promise]
Reason: TypeError: Cannot read properties of undefined (reading 'count')
2023.09.05, 17:28:12.0378 UTC -> Unhandled rejection
[object Promise]
TypeError: Cannot read properties of undefined (reading 'count')
2023.09.05, 17:29:19.0564 UTC -> Unhandled rejection
[object Promise]
TypeError: Cannot read properties of undefined (reading 'count')
2023.09.05, 17:29:19.0564 UTC -> Unhandled rejection at: [object Promise]
Reason: TypeError: Cannot read properties of undefined (reading 'count')
2023.09.05, 17:29:19.0564 UTC -> Unhandled rejection
[object Promise]
TypeError: Cannot read properties of undefined (reading 'count')
2023.09.05, 17:29:19.0564 UTC -> Unhandled rejection at: [object Promise]
Reason: TypeError: Cannot read properties of undefined (reading 'count')
2023.09.05, 17:29:19.0564 UTC -> Unhandled rejection
[object Promise]
TypeError: Cannot read properties of undefined (reading 'count')
2023.09.05, 17:29:19.0564 UTC -> Unhandled rejection at: [object Promise]
Reason: TypeError: Cannot read properties of undefined (reading 'count')
2023.09.05, 17:29:36.0041 UTC -> Unhandled rejection
[object Promise]
TypeError: Cannot read properties of undefined (reading 'count')
2023.09.05, 17:29:36.0041 UTC -> Unhandled rejection
[object Promise]
TypeError: Cannot read properties of undefined (reading 'count')
2023.09.05, 17:29:36.0041 UTC -> Unhandled rejection at: [object Promise]
Reason: TypeError: Cannot read properties of undefined (reading 'count')
2023.09.05, 17:29:36.0041 UTC -> Unhandled rejection at: [object Promise]
Reason: TypeError: Cannot read properties of undefined (reading 'count')
2023.09.05, 17:29:36.0041 UTC -> Unhandled rejection
[object Promise]
TypeError: Cannot read properties of undefined (reading 'count')
2023.09.05, 17:29:36.0042 UTC -> Unhandled rejection at: [object Promise]
Reason: TypeError: Cannot read properties of undefined (reading 'count')
2023.09.05, 17:30:53.0570 UTC -> Unhandled rejection
[object Promise]
TypeError: Cannot read properties of undefined (reading 'count')
2023.09.05, 17:30:53.0570 UTC -> Unhandled rejection at: [object Promise]
Reason: TypeError: Cannot read properties of undefined (reading 'count')
2023.09.05, 17:30:53.0570 UTC -> Unhandled rejection at: [object Promise]
Reason: TypeError: Cannot read properties of undefined (reading 'count')
2023.09.05, 17:30:53.0570 UTC -> Unhandled rejection
[object Promise]
TypeError: Cannot read properties of undefined (reading 'count')
2023.09.05, 17:30:53.0570 UTC -> Unhandled rejection at: [object Promise]
Reason: TypeError: Cannot read properties of undefined (reading 'count')
2023.09.05, 17:30:53.0570 UTC -> Unhandled rejection
[object Promise]
TypeError: Cannot read properties of undefined (reading 'count')
2023.09.05, 17:31:11.0221 UTC -> Unhandled rejection
[object Promise]
TypeError: Cannot read properties of undefined (reading 'count')
2023.09.05, 17:31:11.0221 UTC -> Unhandled rejection
[object Promise]
TypeError: Cannot read properties of undefined (reading 'count')
2023.09.05, 17:31:11.0221 UTC -> Unhandled rejection at: [object Promise]
Reason: TypeError: Cannot read properties of undefined (reading 'count')
2023.09.05, 17:31:11.0222 UTC -> Unhandled rejection
[object Promise]
TypeError: Cannot read properties of undefined (reading 'count')
2023.09.05, 17:31:11.0222 UTC -> Unhandled rejection at: [object Promise]
Reason: TypeError: Cannot read properties of undefined (reading 'count')
2023.09.05, 17:31:11.0222 UTC -> Unhandled rejection at: [object Promise]
Reason: TypeError: Cannot read properties of undefined (reading 'count')
2023.09.05, 17:32:47.0679 UTC -> Unhandled rejection
[object Promise]
TypeError: Cannot read properties of undefined (reading 'count')
2023.09.05, 17:32:47.0680 UTC -> Unhandled rejection at: [object Promise]
Reason: TypeError: Cannot read properties of undefined (reading 'count')
2023.09.05, 17:32:47.0680 UTC -> Unhandled rejection at: [object Promise]
Reason: TypeError: Cannot read properties of undefined (reading 'count')
2023.09.05, 17:32:47.0680 UTC -> Unhandled rejection
[object Promise]
TypeError: Cannot read properties of undefined (reading 'count')
2023.09.05, 17:32:47.0680 UTC -> Unhandled rejection at: [object Promise]
Reason: TypeError: Cannot read properties of undefined (reading 'count')
2023.09.05, 17:32:47.0680 UTC -> Unhandled rejection
[object Promise]
TypeError: Cannot read properties of undefined (reading 'count')
2023.09.05, 17:33:34.0161 UTC -> Unhandled rejection
[object Promise]
TypeError: Cannot read properties of undefined (reading 'count')
2023.09.05, 17:33:34.0161 UTC -> Unhandled rejection at: [object Promise]
Reason: TypeError: Cannot read properties of undefined (reading 'count')
2023.09.05, 17:33:34.0161 UTC -> Unhandled rejection at: [object Promise]
Reason: TypeError: Cannot read properties of undefined (reading 'count')
2023.09.05, 17:33:34.0161 UTC -> Unhandled rejection
[object Promise]
TypeError: Cannot read properties of undefined (reading 'count')
2023.09.05, 17:33:34.0161 UTC -> Unhandled rejection
[object Promise]
TypeError: Cannot read properties of undefined (reading 'count')
2023.09.05, 17:33:34.0162 UTC -> Unhandled rejection at: [object Promise]
Reason: TypeError: Cannot read properties of undefined (reading 'count')
2023.09.05, 17:33:44.0128 UTC -> Unhandled rejection
[object Promise]
TypeError: Cannot read properties of undefined (reading 'count')
2023.09.05, 17:33:44.0128 UTC -> Unhandled rejection at: [object Promise]
Reason: TypeError: Cannot read properties of undefined (reading 'count')
2023.09.05, 17:33:44.0128 UTC -> Unhandled rejection
[object Promise]
TypeError: Cannot read properties of undefined (reading 'count')
2023.09.05, 17:33:44.0128 UTC -> Unhandled rejection
[object Promise]
TypeError: Cannot read properties of undefined (reading 'count')
2023.09.05, 17:33:44.0128 UTC -> Unhandled rejection at: [object Promise]
Reason: TypeError: Cannot read properties of undefined (reading 'count')
2023.09.05, 17:33:44.0128 UTC -> Unhandled rejection at: [object Promise]
Reason: TypeError: Cannot read properties of undefined (reading 'count')
2023.09.05, 17:34:19.0181 UTC -> Unhandled rejection
[object Promise]
TypeError: Cannot read properties of undefined (reading 'count')
2023.09.05, 17:34:19.0182 UTC -> Unhandled rejection at: [object Promise]
Reason: TypeError: Cannot read properties of undefined (reading 'count')
2023.09.05, 17:34:19.0182 UTC -> Unhandled rejection
[object Promise]
TypeError: Cannot read properties of undefined (reading 'count')
2023.09.05, 17:34:19.0182 UTC -> Unhandled rejection at: [object Promise]
Reason: TypeError: Cannot read properties of undefined (reading 'count')
2023.09.05, 17:34:19.0182 UTC -> Unhandled rejection
[object Promise]
TypeError: Cannot read properties of undefined (reading 'count')
2023.09.05, 17:34:19.0182 UTC -> Unhandled rejection at: [object Promise]
Reason: TypeError: Cannot read properties of undefined (reading 'count')
2023.09.05, 17:34:30.0854 UTC -> Unhandled rejection at: [object Promise]
Reason: TypeError: Cannot read properties of undefined (reading 'count')
2023.09.05, 17:34:30.0854 UTC -> Unhandled rejection
[object Promise]
TypeError: Cannot read properties of undefined (reading 'count')
2023.09.05, 17:34:30.0854 UTC -> Unhandled rejection
[object Promise]
TypeError: Cannot read properties of undefined (reading 'count')
2023.09.05, 17:34:30.0854 UTC -> Unhandled rejection at: [object Promise]
Reason: TypeError: Cannot read properties of undefined (reading 'count')
2023.09.05, 17:34:30.0854 UTC -> Unhandled rejection at: [object Promise]
Reason: TypeError: Cannot read properties of undefined (reading 'count')
2023.09.05, 17:34:30.0854 UTC -> Unhandled rejection
[object Promise]
TypeError: Cannot read properties of undefined (reading 'count')
2023.09.05, 17:35:08.0378 UTC -> Unhandled rejection
[object Promise]
TypeError: Cannot read properties of undefined (reading 'count')
2023.09.05, 17:35:08.0378 UTC -> Unhandled rejection
[object Promise]
TypeError: Cannot read properties of undefined (reading 'count')
2023.09.05, 17:35:08.0378 UTC -> Unhandled rejection at: [object Promise]
Reason: TypeError: Cannot read properties of undefined (reading 'count')
2023.09.05, 17:35:08.0378 UTC -> Unhandled rejection at: [object Promise]
Reason: TypeError: Cannot read properties of undefined (reading 'count')
2023.09.05, 17:35:08.0378 UTC -> Unhandled rejection
[object Promise]
TypeError: Cannot read properties of undefined (reading 'count')
2023.09.05, 17:35:08.0378 UTC -> Unhandled rejection at: [object Promise]
Reason: TypeError: Cannot read properties of undefined (reading 'count')
2023.09.05, 17:35:41.0658 UTC -> Unhandled rejection
[object Promise]
TypeError: Cannot read properties of undefined (reading 'count')
2023.09.05, 17:35:41.0659 UTC -> Unhandled rejection at: [object Promise]
Reason: TypeError: Cannot read properties of undefined (reading 'count')
2023.09.05, 17:35:41.0659 UTC -> Unhandled rejection at: [object Promise]
Reason: TypeError: Cannot read properties of undefined (reading 'count')
2023.09.05, 17:35:41.0659 UTC -> Unhandled rejection
[object Promise]
TypeError: Cannot read properties of undefined (reading 'count')
2023.09.05, 17:35:41.0659 UTC -> Unhandled rejection at: [object Promise]
Reason: TypeError: Cannot read properties of undefined (reading 'count')
2023.09.05, 17:35:41.0659 UTC -> Unhandled rejection
[object Promise]
TypeError: Cannot read properties of undefined (reading 'count')
2023.09.05, 17:36:00.0511 UTC -> Unhandled rejection
[object Promise]
TypeError: Cannot read properties of undefined (reading 'count')
2023.09.05, 17:36:00.0511 UTC -> Unhandled rejection at: [object Promise]
Reason: TypeError: Cannot read properties of undefined (reading 'count')
2023.09.05, 17:36:00.0512 UTC -> Unhandled rejection
[object Promise]
TypeError: Cannot read properties of undefined (reading 'count')
2023.09.05, 17:36:00.0511 UTC -> Unhandled rejection
[object Promise]
TypeError: Cannot read properties of undefined (reading 'count')
2023.09.05, 17:36:00.0511 UTC -> Unhandled rejection at: [object Promise]
Reason: TypeError: Cannot read properties of undefined (reading 'count')
2023.09.05, 17:36:00.0512 UTC -> Unhandled rejection at: [object Promise]
Reason: TypeError: Cannot read properties of undefined (reading 'count')
2023.09.05, 17:36:20.0868 UTC -> Unhandled rejection
[object Promise]
TypeError: Cannot read properties of undefined (reading 'count')
2023.09.05, 17:36:20.0868 UTC -> Unhandled rejection at: [object Promise]
Reason: TypeError: Cannot read properties of undefined (reading 'count')
2023.09.05, 17:36:20.0868 UTC -> Unhandled rejection
[object Promise]
TypeError: Cannot read properties of undefined (reading 'count')
2023.09.05, 17:36:20.0868 UTC -> Unhandled rejection at: [object Promise]
Reason: TypeError: Cannot read properties of undefined (reading 'count')
2023.09.05, 17:36:20.0868 UTC -> Unhandled rejection
[object Promise]
TypeError: Cannot read properties of undefined (reading 'count')
2023.09.05, 17:36:20.0868 UTC -> Unhandled rejection at: [object Promise]
Reason: TypeError: Cannot read properties of undefined (reading 'count')
2023.09.05, 17:36:55.0985 UTC -> Unhandled rejection
[object Promise]
TypeError: Cannot read properties of undefined (reading 'count')
2023.09.05, 17:36:55.0985 UTC -> Unhandled rejection
[object Promise]
TypeError: Cannot read properties of undefined (reading 'count')
2023.09.05, 17:36:55.0985 UTC -> Unhandled rejection at: [object Promise]
Reason: TypeError: Cannot read properties of undefined (reading 'count')
2023.09.05, 17:36:55.0985 UTC -> Unhandled rejection
[object Promise]
TypeError: Cannot read properties of undefined (reading 'count')
2023.09.05, 17:36:55.0985 UTC -> Unhandled rejection at: [object Promise]
Reason: TypeError: Cannot read properties of undefined (reading 'count')
2023.09.05, 17:36:55.0985 UTC -> Unhandled rejection at: [object Promise]
Reason: TypeError: Cannot read properties of undefined (reading 'count')
2023.09.05, 17:38:28.0930 UTC -> Unhandled rejection
[object Promise]
TypeError: Cannot read properties of undefined (reading 'count')
2023.09.05, 17:38:28.0930 UTC -> Unhandled rejection at: [object Promise]
Reason: TypeError: Cannot read properties of undefined (reading 'count')
2023.09.05, 17:38:28.0930 UTC -> Unhandled rejection
[object Promise]
TypeError: Cannot read properties of undefined (reading 'count')
2023.09.05, 17:38:28.0930 UTC -> Unhandled rejection at: [object Promise]
Reason: TypeError: Cannot read properties of undefined (reading 'count')
2023.09.05, 17:38:28.0930 UTC -> Unhandled rejection at: [object Promise]
Reason: TypeError: Cannot read properties of undefined (reading 'count')
2023.09.05, 17:38:28.0930 UTC -> Unhandled rejection
[object Promise]
TypeError: Cannot read properties of undefined (reading 'count')
2023.09.05, 17:38:32.0789 UTC -> Unhandled rejection
[object Promise]
TypeError: Cannot read properties of undefined (reading 'count')
2023.09.05, 17:38:32.0789 UTC -> Unhandled rejection at: [object Promise]
Reason: TypeError: Cannot read properties of undefined (reading 'count')
2023.09.05, 17:38:32.0789 UTC -> Unhandled rejection at: [object Promise]
Reason: TypeError: Cannot read properties of undefined (reading 'count')
2023.09.05, 17:38:32.0789 UTC -> Unhandled rejection
[object Promise]
TypeError: Cannot read properties of undefined (reading 'count')
2023.09.05, 17:38:32.0789 UTC -> Unhandled rejection at: [object Promise]
Reason: TypeError: Cannot read properties of undefined (reading 'count')
2023.09.05, 17:38:32.0789 UTC -> Unhandled rejection
[object Promise]
TypeError: Cannot read properties of undefined (reading 'count')
2023.09.05, 17:40:10.0254 UTC -> Unhandled rejection
[object Promise]
TypeError: Cannot read properties of undefined (reading 'count')
2023.09.05, 17:40:10.0254 UTC -> Unhandled rejection at: [object Promise]
Reason: TypeError: Cannot read properties of undefined (reading 'count')
2023.09.05, 17:40:10.0254 UTC -> Unhandled rejection at: [object Promise]
Reason: TypeError: Cannot read properties of undefined (reading 'count')
2023.09.05, 17:40:10.0254 UTC -> Unhandled rejection
[object Promise]
TypeError: Cannot read properties of undefined (reading 'count')
2023.09.05, 17:40:10.0254 UTC -> Unhandled rejection
[object Promise]
TypeError: Cannot read properties of undefined (reading 'count')
2023.09.05, 17:40:10.0254 UTC -> Unhandled rejection at: [object Promise]
Reason: TypeError: Cannot read properties of undefined (reading 'count')
2023.09.05, 17:40:25.0387 UTC -> Unhandled rejection
[object Promise]
TypeError: Cannot read properties of undefined (reading 'count')
2023.09.05, 17:40:25.0388 UTC -> Unhandled rejection at: [object Promise]
Reason: TypeError: Cannot read properties of undefined (reading 'count')
2023.09.05, 17:40:25.0388 UTC -> Unhandled rejection
[object Promise]
TypeError: Cannot read properties of undefined (reading 'count')
2023.09.05, 17:40:25.0388 UTC -> Unhandled rejection at: [object Promise]
Reason: TypeError: Cannot read properties of undefined (reading 'count')
2023.09.05, 17:40:25.0388 UTC -> Unhandled rejection
[object Promise]
TypeError: Cannot read properties of undefined (reading 'count')
2023.09.05, 17:40:25.0388 UTC -> Unhandled rejection at: [object Promise]
Reason: TypeError: Cannot read properties of undefined (reading 'count')
2023.09.05, 17:40:37.0602 UTC -> Unhandled rejection
[object Promise]
TypeError: Cannot read properties of undefined (reading 'count')
2023.09.05, 17:40:37.0603 UTC -> Unhandled rejection at: [object Promise]
Reason: TypeError: Cannot read properties of undefined (reading 'count')
2023.09.05, 17:40:37.0603 UTC -> Unhandled rejection at: [object Promise]
Reason: TypeError: Cannot read properties of undefined (reading 'count')
2023.09.05, 17:40:37.0603 UTC -> Unhandled rejection
[object Promise]
TypeError: Cannot read properties of undefined (reading 'count')
2023.09.05, 17:40:37.0603 UTC -> Unhandled rejection at: [object Promise]
Reason: TypeError: Cannot read properties of undefined (reading 'count')
2023.09.05, 17:40:37.0603 UTC -> Unhandled rejection
[object Promise]
TypeError: Cannot read properties of undefined (reading 'count')
2023.09.05, 17:40:49.0027 UTC -> Unhandled rejection
[object Promise]
TypeError: Cannot read properties of undefined (reading 'count')
2023.09.05, 17:40:49.0027 UTC -> Unhandled rejection at: [object Promise]
Reason: TypeError: Cannot read properties of undefined (reading 'count')
2023.09.05, 17:40:49.0027 UTC -> Unhandled rejection
[object Promise]
TypeError: Cannot read properties of undefined (reading 'count')
2023.09.05, 17:40:49.0028 UTC -> Unhandled rejection at: [object Promise]
Reason: TypeError: Cannot read properties of undefined (reading 'count')
2023.09.05, 17:40:49.0027 UTC -> Unhandled rejection at: [object Promise]
Reason: TypeError: Cannot read properties of undefined (reading 'count')
2023.09.05, 17:40:49.0027 UTC -> Unhandled rejection
[object Promise]
TypeError: Cannot read properties of undefined (reading 'count')
2023.09.05, 17:40:55.0203 UTC -> Unhandled rejection
[object Promise]
TypeError: Cannot read properties of undefined (reading 'count')
2023.09.05, 17:40:55.0203 UTC -> Unhandled rejection at: [object Promise]
Reason: TypeError: Cannot read properties of undefined (reading 'count')
2023.09.05, 17:40:55.0203 UTC -> Unhandled rejection
[object Promise]
TypeError: Cannot read properties of undefined (reading 'count')
2023.09.05, 17:40:55.0203 UTC -> Unhandled rejection at: [object Promise]
Reason: TypeError: Cannot read properties of undefined (reading 'count')
2023.09.05, 17:40:55.0203 UTC -> Unhandled rejection at: [object Promise]
Reason: TypeError: Cannot read properties of undefined (reading 'count')
2023.09.05, 17:40:55.0203 UTC -> Unhandled rejection
[object Promise]
TypeError: Cannot read properties of undefined (reading 'count')
2023.09.05, 17:41:59.0971 UTC -> Unhandled rejection
[object Promise]
TypeError: Cannot read properties of undefined (reading 'count')
2023.09.05, 17:41:59.0971 UTC -> Unhandled rejection
[object Promise]
TypeError: Cannot read properties of undefined (reading 'count')
2023.09.05, 17:41:59.0971 UTC -> Unhandled rejection at: [object Promise]
Reason: TypeError: Cannot read properties of undefined (reading 'count')
2023.09.05, 17:41:59.0971 UTC -> Unhandled rejection at: [object Promise]
Reason: TypeError: Cannot read properties of undefined (reading 'count')
2023.09.05, 17:41:59.0971 UTC -> Unhandled rejection
[object Promise]
TypeError: Cannot read properties of undefined (reading 'count')
2023.09.05, 17:41:59.0971 UTC -> Unhandled rejection at: [object Promise]
Reason: TypeError: Cannot read properties of undefined (reading 'count')
2023.09.05, 17:45:29.0131 UTC -> Unhandled rejection
[object Promise]
TypeError: Cannot read properties of undefined (reading 'count')
2023.09.05, 17:45:29.0131 UTC -> Unhandled rejection at: [object Promise]
Reason: TypeError: Cannot read properties of undefined (reading 'count')
2023.09.05, 17:45:29.0131 UTC -> Unhandled rejection
[object Promise]
TypeError: Cannot read properties of undefined (reading 'count')
2023.09.05, 17:45:29.0131 UTC -> Unhandled rejection at: [object Promise]
Reason: TypeError: Cannot read properties of undefined (reading 'count')
2023.09.05, 17:45:29.0131 UTC -> Unhandled rejection at: [object Promise]
Reason: TypeError: Cannot read properties of undefined (reading 'count')
2023.09.05, 17:45:29.0131 UTC -> Unhandled rejection
[object Promise]
TypeError: Cannot read properties of undefined (reading 'count')
2023.09.05, 18:05:30.0018 UTC -> Unhandled rejection
[object Promise]
TypeError: Cannot read properties of undefined (reading 'id')
2023.09.05, 18:05:30.0018 UTC -> Unhandled rejection at: [object Promise]
Reason: TypeError: Cannot read properties of undefined (reading 'id')
2023.09.05, 19:14:00.0474 UTC -> Unhandled rejection at: [object Promise]
Reason: TypeError: Cannot read properties of undefined (reading 'length')
2023.09.05, 19:14:00.0474 UTC -> Unhandled rejection
[object Promise]
TypeError: Cannot read properties of undefined (reading 'length')
2023.09.05, 19:15:41.0978 UTC -> Unhandled rejection
[object Promise]
TypeError: Cannot read properties of undefined (reading 'length')
2023.09.05, 19:15:41.0978 UTC -> Unhandled rejection at: [object Promise]
Reason: TypeError: Cannot read properties of undefined (reading 'length')
2023.09.05, 19:42:39.0839 UTC -> [MONITOR] Caught exception: TypeError: Router.use() requires a middleware function but got a Object
Exception origin: uncaughtException
2023.09.05, 19:42:39.0840 UTC -> Caught exception: TypeError: Router.use() requires a middleware function but got a Object
Exception origin: uncaughtException
2023.09.05, 19:42:40.0934 UTC -> Unhandled rejection
[object Promise]
TypeError: Cannot read properties of undefined (reading 'count')
2023.09.05, 19:42:40.0934 UTC -> Unhandled rejection at: [object Promise]
Reason: TypeError: Cannot read properties of undefined (reading 'count')
2023.09.05, 19:42:40.0934 UTC -> Unhandled rejection at: [object Promise]
Reason: TypeError: Cannot read properties of undefined (reading 'count')
2023.09.05, 19:42:40.0934 UTC -> Unhandled rejection at: [object Promise]
Reason: TypeError: Cannot read properties of undefined (reading 'count')
2023.09.05, 19:42:40.0934 UTC -> Unhandled rejection
[object Promise]
TypeError: Cannot read properties of undefined (reading 'count')
2023.09.05, 19:42:40.0934 UTC -> Unhandled rejection
[object Promise]
TypeError: Cannot read properties of undefined (reading 'count')
2023.09.05, 19:43:08.0378 UTC -> [MONITOR] Caught exception: TypeError: Router.use() requires a middleware function but got a Object
Exception origin: uncaughtException
2023.09.05, 19:43:08.0378 UTC -> Caught exception: TypeError: Router.use() requires a middleware function but got a Object
Exception origin: uncaughtException
2023.09.05, 19:43:09.0803 UTC -> Unhandled rejection
[object Promise]
TypeError: Cannot read properties of undefined (reading 'count')
2023.09.05, 19:43:09.0803 UTC -> Unhandled rejection at: [object Promise]
Reason: TypeError: Cannot read properties of undefined (reading 'count')
2023.09.05, 19:43:09.0803 UTC -> Unhandled rejection
[object Promise]
TypeError: Cannot read properties of undefined (reading 'count')
2023.09.05, 19:43:09.0803 UTC -> Unhandled rejection at: [object Promise]
Reason: TypeError: Cannot read properties of undefined (reading 'count')
2023.09.05, 19:43:09.0803 UTC -> Unhandled rejection
[object Promise]
TypeError: Cannot read properties of undefined (reading 'count')
2023.09.05, 19:43:09.0803 UTC -> Unhandled rejection at: [object Promise]
Reason: TypeError: Cannot read properties of undefined (reading 'count')
2023.09.05, 19:45:06.0333 UTC -> Unhandled rejection
[object Promise]
Error [ERR_SOCKET_CONNECTION_TIMEOUT]: Socket connection timeout
2023.09.05, 19:45:06.0334 UTC -> Unhandled rejection at: [object Promise]
Reason: Error [ERR_SOCKET_CONNECTION_TIMEOUT]: Socket connection timeout
2023.09.05, 19:45:44.0335 UTC -> Unhandled rejection
[object Promise]
TypeError: Cannot read properties of undefined (reading 'count')
2023.09.05, 19:45:44.0336 UTC -> Unhandled rejection
[object Promise]
TypeError: Cannot read properties of undefined (reading 'count')
2023.09.05, 19:45:44.0336 UTC -> Unhandled rejection at: [object Promise]
Reason: TypeError: Cannot read properties of undefined (reading 'count')
2023.09.05, 19:45:44.0336 UTC -> Unhandled rejection at: [object Promise]
Reason: TypeError: Cannot read properties of undefined (reading 'count')
2023.09.05, 19:45:44.0336 UTC -> Unhandled rejection
[object Promise]
TypeError: Cannot read properties of undefined (reading 'count')
2023.09.05, 19:45:44.0336 UTC -> Unhandled rejection at: [object Promise]
Reason: TypeError: Cannot read properties of undefined (reading 'count')
2023.09.05, 19:46:32.0564 UTC -> Unhandled rejection at: [object Promise]
Reason: TypeError: Cannot read properties of undefined (reading 'count')
2023.09.05, 19:46:32.0564 UTC -> Unhandled rejection
[object Promise]
TypeError: Cannot read properties of undefined (reading 'count')
2023.09.05, 19:46:32.0564 UTC -> Unhandled rejection at: [object Promise]
Reason: TypeError: Cannot read properties of undefined (reading 'count')
2023.09.05, 19:46:32.0564 UTC -> Unhandled rejection
[object Promise]
TypeError: Cannot read properties of undefined (reading 'count')
2023.09.05, 19:46:32.0565 UTC -> Unhandled rejection at: [object Promise]
Reason: TypeError: Cannot read properties of undefined (reading 'count')
2023.09.05, 19:46:32.0565 UTC -> Unhandled rejection
[object Promise]
TypeError: Cannot read properties of undefined (reading 'count')
2023.09.05, 19:46:50.0799 UTC -> Unhandled rejection
[object Promise]
TypeError: Cannot read properties of undefined (reading 'count')
2023.09.05, 19:46:50.0799 UTC -> Unhandled rejection at: [object Promise]
Reason: TypeError: Cannot read properties of undefined (reading 'count')
2023.09.05, 19:46:50.0799 UTC -> Unhandled rejection
[object Promise]
TypeError: Cannot read properties of undefined (reading 'count')
2023.09.05, 19:46:50.0799 UTC -> Unhandled rejection
[object Promise]
TypeError: Cannot read properties of undefined (reading 'count')
2023.09.05, 19:46:50.0799 UTC -> Unhandled rejection at: [object Promise]
Reason: TypeError: Cannot read properties of undefined (reading 'count')
2023.09.05, 19:46:50.0799 UTC -> Unhandled rejection at: [object Promise]
Reason: TypeError: Cannot read properties of undefined (reading 'count')
2023.09.05, 19:47:05.0882 UTC -> Unhandled rejection
[object Promise]
TypeError: Cannot read properties of undefined (reading 'count')
2023.09.05, 19:47:05.0882 UTC -> Unhandled rejection at: [object Promise]
Reason: TypeError: Cannot read properties of undefined (reading 'count')
2023.09.05, 19:47:05.0882 UTC -> Unhandled rejection
[object Promise]
TypeError: Cannot read properties of undefined (reading 'count')
2023.09.05, 19:47:05.0882 UTC -> Unhandled rejection
[object Promise]
TypeError: Cannot read properties of undefined (reading 'count')
2023.09.05, 19:47:05.0882 UTC -> Unhandled rejection at: [object Promise]
Reason: TypeError: Cannot read properties of undefined (reading 'count')
2023.09.05, 19:47:05.0882 UTC -> Unhandled rejection at: [object Promise]
Reason: TypeError: Cannot read properties of undefined (reading 'count')
2023.09.05, 19:52:35.0465 UTC -> Unhandled rejection
[object Promise]
TypeError: Cannot read properties of undefined (reading 'count')
2023.09.05, 19:52:35.0465 UTC -> Unhandled rejection at: [object Promise]
Reason: TypeError: Cannot read properties of undefined (reading 'count')
2023.09.05, 19:52:35.0465 UTC -> Unhandled rejection at: [object Promise]
Reason: TypeError: Cannot read properties of undefined (reading 'count')
2023.09.05, 19:52:35.0465 UTC -> Unhandled rejection at: [object Promise]
Reason: TypeError: Cannot read properties of undefined (reading 'count')
2023.09.05, 19:52:35.0465 UTC -> Unhandled rejection
[object Promise]
TypeError: Cannot read properties of undefined (reading 'count')
2023.09.05, 19:52:35.0465 UTC -> Unhandled rejection
[object Promise]
TypeError: Cannot read properties of undefined (reading 'count')
2023.09.05, 19:53:01.0887 UTC -> Unhandled rejection
[object Promise]
TypeError: Cannot read properties of undefined (reading 'count')
2023.09.05, 19:53:01.0888 UTC -> Unhandled rejection
[object Promise]
TypeError: Cannot read properties of undefined (reading 'count')
2023.09.05, 19:53:01.0888 UTC -> Unhandled rejection at: [object Promise]
Reason: TypeError: Cannot read properties of undefined (reading 'count')
2023.09.05, 19:53:01.0888 UTC -> Unhandled rejection
[object Promise]
TypeError: Cannot read properties of undefined (reading 'count')
2023.09.05, 19:53:01.0888 UTC -> Unhandled rejection at: [object Promise]
Reason: TypeError: Cannot read properties of undefined (reading 'count')
2023.09.05, 19:53:01.0888 UTC -> Unhandled rejection at: [object Promise]
Reason: TypeError: Cannot read properties of undefined (reading 'count')
2023.09.05, 19:53:28.0278 UTC -> Unhandled rejection
[object Promise]
TypeError: Cannot read properties of undefined (reading 'count')
2023.09.05, 19:53:28.0279 UTC -> Unhandled rejection at: [object Promise]
Reason: TypeError: Cannot read properties of undefined (reading 'count')
2023.09.05, 19:53:28.0279 UTC -> Unhandled rejection at: [object Promise]
Reason: TypeError: Cannot read properties of undefined (reading 'count')
2023.09.05, 19:53:28.0279 UTC -> Unhandled rejection
[object Promise]
TypeError: Cannot read properties of undefined (reading 'count')
2023.09.05, 19:53:28.0279 UTC -> Unhandled rejection
[object Promise]
TypeError: Cannot read properties of undefined (reading 'count')
2023.09.05, 19:53:28.0279 UTC -> Unhandled rejection at: [object Promise]
Reason: TypeError: Cannot read properties of undefined (reading 'count')
